2024-02-27 15:56:03 0 [Note] Starting MariaDB 10.4.32-MariaDB source revision c4143f909528e3fab0677a28631d10389354c491 as process 19200
2024-02-27 15:56:04 0 [Note] InnoDB: Mutexes and rw_locks use Windows interlocked functions
2024-02-27 15:56:04 0 [Note] InnoDB: Uses event mutexes
2024-02-27 15:56:04 0 [Note] InnoDB: Compressed tables use zlib 1.3
2024-02-27 15:56:04 0 [Note] InnoDB: Number of pools: 1
2024-02-27 15:56:04 0 [Note] InnoDB: Using SSE2 crc32 instructions
2024-02-27 15:56:04 0 [Note] InnoDB: Initializing buffer pool, total size = 16M, instances = 1, chunk size = 16M
2024-02-27 15:56:04 0 [Note] InnoDB: Completed initialization of buffer pool
2024-02-27 15:56:04 0 [Note] InnoDB: Starting crash recovery from checkpoint LSN=300288
2024-02-27 15:56:04 0 [Note] InnoDB: 128 out of 128 rollback segments are active.
2024-02-27 15:56:04 0 [Note] InnoDB: Removed temporary tablespace data file: "ibtmp1"
2024-02-27 15:56:04 0 [Note] InnoDB: Creating shared tablespace for temporary tables
2024-02-27 15:56:04 0 [Note] InnoDB: Setting file 'C:\xampp\mysql\data\ibtmp1' size to 12 MB. Physically writing the file full; Please wait ...
2024-02-27 15:56:04 0 [Note] InnoDB: File 'C:\xampp\mysql\data\ibtmp1' size is now 12 MB.
2024-02-27 15:56:04 0 [Note] InnoDB: Waiting for purge to start
2024-02-27 15:56:04 0 [Note] InnoDB: 10.4.32 started; log sequence number 300297; transaction id 170
2024-02-27 15:56:04 0 [Note] InnoDB: Loading buffer pool(s) from C:\xampp\mysql\data\ib_buffer_pool
2024-02-27 15:56:04 0 [Note] Plugin 'FEEDBACK' is disabled.
2024-02-27 15:56:04 0 [Note] Server socket created on IP: '::'.
2024-02-27 15:56:04 0 [ERROR] Can't start server: Bind on TCP/IP port. Got error: 10048: Only one usage of each socket address (protocol/network address/port) is normally permitted.

2024-02-27 15:56:04 0 [Note] InnoDB: Buffer pool(s) load completed at 240227 15:56:04
2024-02-27 15:56:04 0 [ERROR] Do you already have another mysqld server running on port: 3306 ?
2024-02-27 15:56:04 0 [ERROR] Aborting
2024-02-27 15:56:30 0 [Note] Starting MariaDB 10.4.32-MariaDB source revision c4143f909528e3fab0677a28631d10389354c491 as process 9668
2024-02-27 15:56:30 0 [Note] InnoDB: Mutexes and rw_locks use Windows interlocked functions
2024-02-27 15:56:30 0 [Note] InnoDB: Uses event mutexes
2024-02-27 15:56:30 0 [Note] InnoDB: Compressed tables use zlib 1.3
2024-02-27 15:56:30 0 [Note] InnoDB: Number of pools: 1
2024-02-27 15:56:30 0 [Note] InnoDB: Using SSE2 crc32 instructions
2024-02-27 15:56:30 0 [Note] InnoDB: Initializing buffer pool, total size = 16M, instances = 1, chunk size = 16M
2024-02-27 15:56:30 0 [Note] InnoDB: Completed initialization of buffer pool
2024-02-27 15:56:30 0 [Note] InnoDB: 128 out of 128 rollback segments are active.
2024-02-27 15:56:30 0 [Note] InnoDB: Creating shared tablespace for temporary tables
2024-02-27 15:56:30 0 [Note] InnoDB: Setting file 'C:\xampp\mysql\data\ibtmp1' size to 12 MB. Physically writing the file full; Please wait ...
2024-02-27 15:56:30 0 [Note] InnoDB: File 'C:\xampp\mysql\data\ibtmp1' size is now 12 MB.
2024-02-27 15:56:30 0 [Note] InnoDB: Waiting for purge to start
2024-02-27 15:56:30 0 [Note] InnoDB: 10.4.32 started; log sequence number 300306; transaction id 170
2024-02-27 15:56:30 0 [Note] InnoDB: Loading buffer pool(s) from C:\xampp\mysql\data\ib_buffer_pool
2024-02-27 15:56:30 0 [Note] Plugin 'FEEDBACK' is disabled.
2024-02-27 15:56:30 0 [Note] Server socket created on IP: '::'.
2024-02-27 15:56:30 0 [ERROR] Can't start server: Bind on TCP/IP port. Got error: 10048: Only one usage of each socket address (protocol/network address/port) is normally permitted.

2024-02-27 15:56:30 0 [Note] InnoDB: Buffer pool(s) load completed at 240227 15:56:30
2024-02-27 15:56:30 0 [ERROR] Do you already have another mysqld server running on port: 3306 ?
2024-02-27 15:56:30 0 [ERROR] Aborting
2024-02-27 15:56:39 0 [Note] Starting MariaDB 10.4.32-MariaDB source revision c4143f909528e3fab0677a28631d10389354c491 as process 17084
2024-02-27 15:56:39 0 [Note] InnoDB: Mutexes and rw_locks use Windows interlocked functions
2024-02-27 15:56:39 0 [Note] InnoDB: Uses event mutexes
2024-02-27 15:56:39 0 [Note] InnoDB: Compressed tables use zlib 1.3
2024-02-27 15:56:39 0 [Note] InnoDB: Number of pools: 1
2024-02-27 15:56:39 0 [Note] InnoDB: Using SSE2 crc32 instructions
2024-02-27 15:56:39 0 [Note] InnoDB: Initializing buffer pool, total size = 16M, instances = 1, chunk size = 16M
2024-02-27 15:56:39 0 [Note] InnoDB: Completed initialization of buffer pool
2024-02-27 15:56:39 0 [Note] InnoDB: 128 out of 128 rollback segments are active.
2024-02-27 15:56:39 0 [Note] InnoDB: Creating shared tablespace for temporary tables
2024-02-27 15:56:39 0 [Note] InnoDB: Setting file 'C:\xampp\mysql\data\ibtmp1' size to 12 MB. Physically writing the file full; Please wait ...
2024-02-27 15:56:39 0 [Note] InnoDB: File 'C:\xampp\mysql\data\ibtmp1' size is now 12 MB.
2024-02-27 15:56:39 0 [Note] InnoDB: Waiting for purge to start
2024-02-27 15:56:39 0 [Note] InnoDB: 10.4.32 started; log sequence number 300315; transaction id 170
2024-02-27 15:56:39 0 [Note] InnoDB: Loading buffer pool(s) from C:\xampp\mysql\data\ib_buffer_pool
2024-02-27 15:56:39 0 [Note] Plugin 'FEEDBACK' is disabled.
2024-02-27 15:56:39 0 [Note] Server socket created on IP: '::'.
2024-02-27 15:56:39 0 [Note] InnoDB: Buffer pool(s) load completed at 240227 15:56:39
2024-02-27 15:56:39 0 [ERROR] Can't start server: Bind on TCP/IP port. Got error: 10048: Only one usage of each socket address (protocol/network address/port) is normally permitted.

2024-02-27 15:56:39 0 [ERROR] Do you already have another mysqld server running on port: 3306 ?
2024-02-27 15:56:39 0 [ERROR] Aborting
2024-02-27 15:56:41 0 [Note] Starting MariaDB 10.4.32-MariaDB source revision c4143f909528e3fab0677a28631d10389354c491 as process 11576
2024-02-27 15:56:41 0 [Note] InnoDB: Mutexes and rw_locks use Windows interlocked functions
2024-02-27 15:56:41 0 [Note] InnoDB: Uses event mutexes
2024-02-27 15:56:41 0 [Note] InnoDB: Compressed tables use zlib 1.3
2024-02-27 15:56:41 0 [Note] InnoDB: Number of pools: 1
2024-02-27 15:56:41 0 [Note] InnoDB: Using SSE2 crc32 instructions
2024-02-27 15:56:41 0 [Note] InnoDB: Initializing buffer pool, total size = 16M, instances = 1, chunk size = 16M
2024-02-27 15:56:41 0 [Note] InnoDB: Completed initialization of buffer pool
2024-02-27 15:56:41 0 [Note] InnoDB: Starting crash recovery from checkpoint LSN=300315
2024-02-27 15:56:42 0 [Note] Starting MariaDB 10.4.32-MariaDB source revision c4143f909528e3fab0677a28631d10389354c491 as process 9536
2024-02-27 15:56:42 0 [Note] InnoDB: Mutexes and rw_locks use Windows interlocked functions
2024-02-27 15:56:42 0 [Note] InnoDB: Uses event mutexes
2024-02-27 15:56:42 0 [Note] InnoDB: Compressed tables use zlib 1.3
2024-02-27 15:56:42 0 [Note] InnoDB: Number of pools: 1
2024-02-27 15:56:42 0 [Note] InnoDB: Using SSE2 crc32 instructions
2024-02-27 15:56:42 0 [Note] InnoDB: Initializing buffer pool, total size = 16M, instances = 1, chunk size = 16M
2024-02-27 15:56:42 0 [Note] InnoDB: Completed initialization of buffer pool
2024-02-27 15:56:42 0 [Note] InnoDB: Starting crash recovery from checkpoint LSN=300315
2024-02-27 15:56:42 0 [Note] InnoDB: 128 out of 128 rollback segments are active.
2024-02-27 15:56:42 0 [Note] InnoDB: Removed temporary tablespace data file: "ibtmp1"
2024-02-27 15:56:42 0 [Note] InnoDB: Creating shared tablespace for temporary tables
2024-02-27 15:56:42 0 [Note] InnoDB: Setting file 'C:\xampp\mysql\data\ibtmp1' size to 12 MB. Physically writing the file full; Please wait ...
2024-02-27 15:56:42 0 [Note] InnoDB: File 'C:\xampp\mysql\data\ibtmp1' size is now 12 MB.
2024-02-27 15:56:42 0 [Note] InnoDB: Waiting for purge to start
2024-02-27 15:56:42 0 [Note] InnoDB: 10.4.32 started; log sequence number 300324; transaction id 170
2024-02-27 15:56:42 0 [Note] InnoDB: Loading buffer pool(s) from C:\xampp\mysql\data\ib_buffer_pool
2024-02-27 15:56:42 0 [Note] Plugin 'FEEDBACK' is disabled.
2024-02-27 15:56:42 0 [Note] InnoDB: Buffer pool(s) load completed at 240227 15:56:42
2024-02-27 15:56:42 0 [Note] Server socket created on IP: '::'.
2024-02-27 15:56:42 0 [ERROR] Can't start server: Bind on TCP/IP port. Got error: 10048: Only one usage of each socket address (protocol/network address/port) is normally permitted.

2024-02-27 15:56:42 0 [ERROR] Do you already have another mysqld server running on port: 3306 ?
2024-02-27 15:56:42 0 [ERROR] Aborting
2024-02-27 15:56:42 0 [Note] Starting MariaDB 10.4.32-MariaDB source revision c4143f909528e3fab0677a28631d10389354c491 as process 17940
2024-02-27 15:56:42 0 [ERROR] InnoDB: The innodb_system data file 'ibdata1' must be writable
2024-02-27 15:56:42 0 [ERROR] InnoDB: The innodb_system data file 'ibdata1' must be writable
2024-02-27 15:56:42 0 [ERROR] Plugin 'InnoDB' registration as a STORAGE ENGINE failed.
2024-02-27 15:56:42 0 [Note] Plugin 'FEEDBACK' is disabled.
2024-02-27 15:56:42 0 [ERROR] Unknown/unsupported storage engine: InnoDB
2024-02-27 15:56:42 0 [ERROR] Aborting
2024-02-27 15:56:43 0 [Note] Starting MariaDB 10.4.32-MariaDB source revision c4143f909528e3fab0677a28631d10389354c491 as process 18612
2024-02-27 15:56:43 0 [Note] InnoDB: Mutexes and rw_locks use Windows interlocked functions
2024-02-27 15:56:43 0 [Note] InnoDB: Uses event mutexes
2024-02-27 15:56:43 0 [Note] InnoDB: Compressed tables use zlib 1.3
2024-02-27 15:56:43 0 [Note] InnoDB: Number of pools: 1
2024-02-27 15:56:43 0 [Note] InnoDB: Using SSE2 crc32 instructions
2024-02-27 15:56:43 0 [Note] InnoDB: Initializing buffer pool, total size = 16M, instances = 1, chunk size = 16M
2024-02-27 15:56:43 0 [Note] InnoDB: Completed initialization of buffer pool
2024-02-27 15:56:44 0 [Note] InnoDB: Starting crash recovery from checkpoint LSN=300315
2024-02-27 15:56:44 0 [Note] InnoDB: 128 out of 128 rollback segments are active.
2024-02-27 15:56:44 0 [Note] InnoDB: Removed temporary tablespace data file: "ibtmp1"
2024-02-27 15:56:44 0 [Note] InnoDB: Creating shared tablespace for temporary tables
2024-02-27 15:56:44 0 [Note] InnoDB: Setting file 'C:\xampp\mysql\data\ibtmp1' size to 12 MB. Physically writing the file full; Please wait ...
2024-02-27 15:56:44 0 [Note] InnoDB: File 'C:\xampp\mysql\data\ibtmp1' size is now 12 MB.
2024-02-27 15:56:44 0 [Note] InnoDB: Waiting for purge to start
2024-02-27 15:56:44 0 [Note] InnoDB: 10.4.32 started; log sequence number 300324; transaction id 170
2024-02-27 15:56:44 0 [Note] InnoDB: Loading buffer pool(s) from C:\xampp\mysql\data\ib_buffer_pool
2024-02-27 15:56:44 0 [Note] Plugin 'FEEDBACK' is disabled.
2024-02-27 15:56:44 0 [Note] Server socket created on IP: '::'.
2024-02-27 15:56:44 0 [ERROR] Can't start server: Bind on TCP/IP port. Got error: 10048: Only one usage of each socket address (protocol/network address/port) is normally permitted.

2024-02-27 15:56:44 0 [Note] InnoDB: Buffer pool(s) load completed at 240227 15:56:44
2024-02-27 15:56:44 0 [ERROR] Do you already have another mysqld server running on port: 3306 ?
2024-02-27 15:56:44 0 [ERROR] Aborting
2024-02-27 15:56:44 0 [Note] Starting MariaDB 10.4.32-MariaDB source revision c4143f909528e3fab0677a28631d10389354c491 as process 9912
2024-02-27 15:56:44 0 [ERROR] InnoDB: The innodb_system data file 'ibdata1' must be writable
2024-02-27 15:56:44 0 [ERROR] InnoDB: The innodb_system data file 'ibdata1' must be writable
2024-02-27 15:56:44 0 [ERROR] Plugin 'InnoDB' registration as a STORAGE ENGINE failed.
2024-02-27 15:56:44 0 [Note] Plugin 'FEEDBACK' is disabled.
2024-02-27 15:56:44 0 [ERROR] Unknown/unsupported storage engine: InnoDB
2024-02-27 15:56:44 0 [ERROR] Aborting
2024-02-27 15:56:51 0 [Note] Starting MariaDB 10.4.32-MariaDB source revision c4143f909528e3fab0677a28631d10389354c491 as process 4120
2024-02-27 15:56:51 0 [Note] InnoDB: Mutexes and rw_locks use Windows interlocked functions
2024-02-27 15:56:51 0 [Note] InnoDB: Uses event mutexes
2024-02-27 15:56:51 0 [Note] InnoDB: Compressed tables use zlib 1.3
2024-02-27 15:56:51 0 [Note] InnoDB: Number of pools: 1
2024-02-27 15:56:51 0 [Note] InnoDB: Using SSE2 crc32 instructions
2024-02-27 15:56:51 0 [Note] InnoDB: Initializing buffer pool, total size = 16M, instances = 1, chunk size = 16M
2024-02-27 15:56:51 0 [Note] InnoDB: Completed initialization of buffer pool
2024-02-27 15:56:51 0 [Note] InnoDB: Starting crash recovery from checkpoint LSN=300315
2024-02-27 15:56:51 0 [Note] InnoDB: 128 out of 128 rollback segments are active.
2024-02-27 15:56:51 0 [Note] InnoDB: Removed temporary tablespace data file: "ibtmp1"
2024-02-27 15:56:51 0 [Note] InnoDB: Creating shared tablespace for temporary tables
2024-02-27 15:56:51 0 [Note] InnoDB: Setting file 'C:\xampp\mysql\data\ibtmp1' size to 12 MB. Physically writing the file full; Please wait ...
2024-02-27 15:56:51 0 [Note] InnoDB: File 'C:\xampp\mysql\data\ibtmp1' size is now 12 MB.
2024-02-27 15:56:51 0 [Note] InnoDB: Waiting for purge to start
2024-02-27 15:56:51 0 [Note] InnoDB: 10.4.32 started; log sequence number 300324; transaction id 170
2024-02-27 15:56:51 0 [Note] InnoDB: Loading buffer pool(s) from C:\xampp\mysql\data\ib_buffer_pool
2024-02-27 15:56:51 0 [Note] Plugin 'FEEDBACK' is disabled.
2024-02-27 15:56:51 0 [Note] Server socket created on IP: '::'.
2024-02-27 15:56:51 0 [Note] InnoDB: Buffer pool(s) load completed at 240227 15:56:51
2024-02-27 15:56:51 0 [ERROR] Can't start server: Bind on TCP/IP port. Got error: 10048: Only one usage of each socket address (protocol/network address/port) is normally permitted.

2024-02-27 15:56:51 0 [ERROR] Do you already have another mysqld server running on port: 3306 ?
2024-02-27 15:56:51 0 [ERROR] Aborting
2024-02-27 15:57:18 0 [Note] Starting MariaDB 10.4.32-MariaDB source revision c4143f909528e3fab0677a28631d10389354c491 as process 17960
2024-02-27 15:57:18 0 [Note] InnoDB: Mutexes and rw_locks use Windows interlocked functions
2024-02-27 15:57:18 0 [Note] InnoDB: Uses event mutexes
2024-02-27 15:57:18 0 [Note] InnoDB: Compressed tables use zlib 1.3
2024-02-27 15:57:18 0 [Note] InnoDB: Number of pools: 1
2024-02-27 15:57:18 0 [Note] InnoDB: Using SSE2 crc32 instructions
2024-02-27 15:57:18 0 [Note] InnoDB: Initializing buffer pool, total size = 16M, instances = 1, chunk size = 16M
2024-02-27 15:57:18 0 [Note] InnoDB: Completed initialization of buffer pool
2024-02-27 15:57:18 0 [Note] InnoDB: 128 out of 128 rollback segments are active.
2024-02-27 15:57:18 0 [Note] InnoDB: Creating shared tablespace for temporary tables
2024-02-27 15:57:18 0 [Note] InnoDB: Setting file 'C:\xampp\mysql\data\ibtmp1' size to 12 MB. Physically writing the file full; Please wait ...
2024-02-27 15:57:18 0 [Note] InnoDB: File 'C:\xampp\mysql\data\ibtmp1' size is now 12 MB.
2024-02-27 15:57:18 0 [Note] InnoDB: Waiting for purge to start
2024-02-27 15:57:18 0 [Note] InnoDB: 10.4.32 started; log sequence number 300333; transaction id 170
2024-02-27 15:57:18 0 [Note] InnoDB: Loading buffer pool(s) from C:\xampp\mysql\data\ib_buffer_pool
2024-02-27 15:57:18 0 [Note] Plugin 'FEEDBACK' is disabled.
2024-02-27 15:57:18 0 [Note] InnoDB: Buffer pool(s) load completed at 240227 15:57:18
2024-02-27 15:57:18 0 [Note] Server socket created on IP: '::'.
2024-02-27 15:57:18 0 [ERROR] Can't start server: Bind on TCP/IP port. Got error: 10048: Only one usage of each socket address (protocol/network address/port) is normally permitted.

2024-02-27 15:57:18 0 [ERROR] Do you already have another mysqld server running on port: 3306 ?
2024-02-27 15:57:18 0 [ERROR] Aborting
2024-02-27 15:57:24 0 [Note] Starting MariaDB 10.4.32-MariaDB source revision c4143f909528e3fab0677a28631d10389354c491 as process 15092
2024-02-27 15:57:24 0 [Note] InnoDB: Mutexes and rw_locks use Windows interlocked functions
2024-02-27 15:57:24 0 [Note] InnoDB: Uses event mutexes
2024-02-27 15:57:24 0 [Note] InnoDB: Compressed tables use zlib 1.3
2024-02-27 15:57:24 0 [Note] InnoDB: Number of pools: 1
2024-02-27 15:57:24 0 [Note] InnoDB: Using SSE2 crc32 instructions
2024-02-27 15:57:24 0 [Note] InnoDB: Initializing buffer pool, total size = 16M, instances = 1, chunk size = 16M
2024-02-27 15:57:24 0 [Note] InnoDB: Completed initialization of buffer pool
2024-02-27 15:57:24 0 [Note] InnoDB: 128 out of 128 rollback segments are active.
2024-02-27 15:57:24 0 [Note] InnoDB: Creating shared tablespace for temporary tables
2024-02-27 15:57:24 0 [Note] InnoDB: Setting file 'C:\xampp\mysql\data\ibtmp1' size to 12 MB. Physically writing the file full; Please wait ...
2024-02-27 15:57:24 0 [Note] InnoDB: File 'C:\xampp\mysql\data\ibtmp1' size is now 12 MB.
2024-02-27 15:57:24 0 [Note] InnoDB: Waiting for purge to start
2024-02-27 15:57:25 0 [Note] InnoDB: 10.4.32 started; log sequence number 300342; transaction id 170
2024-02-27 15:57:25 0 [Note] InnoDB: Loading buffer pool(s) from C:\xampp\mysql\data\ib_buffer_pool
2024-02-27 15:57:25 0 [Note] Plugin 'FEEDBACK' is disabled.
2024-02-27 15:57:25 0 [Note] InnoDB: Buffer pool(s) load completed at 240227 15:57:25
2024-02-27 15:57:25 0 [Note] Server socket created on IP: '::'.
2024-02-27 15:57:25 0 [ERROR] Can't start server: Bind on TCP/IP port. Got error: 10048: Only one usage of each socket address (protocol/network address/port) is normally permitted.

2024-02-27 15:57:25 0 [ERROR] Do you already have another mysqld server running on port: 3306 ?
2024-02-27 15:57:25 0 [ERROR] Aborting
2024-02-27 15:57:28 0 [Note] Starting MariaDB 10.4.32-MariaDB source revision c4143f909528e3fab0677a28631d10389354c491 as process 22328
2024-02-27 15:57:28 0 [Note] InnoDB: Mutexes and rw_locks use Windows interlocked functions
2024-02-27 15:57:28 0 [Note] InnoDB: Uses event mutexes
2024-02-27 15:57:28 0 [Note] InnoDB: Compressed tables use zlib 1.3
2024-02-27 15:57:28 0 [Note] InnoDB: Number of pools: 1
2024-02-27 15:57:28 0 [Note] InnoDB: Using SSE2 crc32 instructions
2024-02-27 15:57:28 0 [Note] InnoDB: Initializing buffer pool, total size = 16M, instances = 1, chunk size = 16M
2024-02-27 15:57:28 0 [Note] InnoDB: Completed initialization of buffer pool
2024-02-27 15:57:28 0 [Note] InnoDB: 128 out of 128 rollback segments are active.
2024-02-27 15:57:28 0 [Note] InnoDB: Creating shared tablespace for temporary tables
2024-02-27 15:57:28 0 [Note] InnoDB: Setting file 'C:\xampp\mysql\data\ibtmp1' size to 12 MB. Physically writing the file full; Please wait ...
2024-02-27 15:57:28 0 [Note] InnoDB: File 'C:\xampp\mysql\data\ibtmp1' size is now 12 MB.
2024-02-27 15:57:28 0 [Note] InnoDB: Waiting for purge to start
2024-02-27 15:57:28 0 [Note] InnoDB: 10.4.32 started; log sequence number 300351; transaction id 170
2024-02-27 15:57:28 0 [Note] InnoDB: Loading buffer pool(s) from C:\xampp\mysql\data\ib_buffer_pool
2024-02-27 15:57:28 0 [Note] Plugin 'FEEDBACK' is disabled.
2024-02-27 15:57:28 0 [Note] Server socket created on IP: '::'.
2024-02-27 15:57:28 0 [Note] InnoDB: Buffer pool(s) load completed at 240227 15:57:28
2024-02-27 15:57:28 0 [ERROR] Can't start server: Bind on TCP/IP port. Got error: 10048: Only one usage of each socket address (protocol/network address/port) is normally permitted.

2024-02-27 15:57:28 0 [ERROR] Do you already have another mysqld server running on port: 3306 ?
2024-02-27 15:57:28 0 [ERROR] Aborting
2024-02-27 15:57:47 0 [Note] Starting MariaDB 10.4.32-MariaDB source revision c4143f909528e3fab0677a28631d10389354c491 as process 276
2024-02-27 15:57:47 0 [Note] InnoDB: Mutexes and rw_locks use Windows interlocked functions
2024-02-27 15:57:47 0 [Note] InnoDB: Uses event mutexes
2024-02-27 15:57:47 0 [Note] InnoDB: Compressed tables use zlib 1.3
2024-02-27 15:57:47 0 [Note] InnoDB: Number of pools: 1
2024-02-27 15:57:47 0 [Note] InnoDB: Using SSE2 crc32 instructions
2024-02-27 15:57:47 0 [Note] InnoDB: Initializing buffer pool, total size = 16M, instances = 1, chunk size = 16M
2024-02-27 15:57:47 0 [Note] InnoDB: Completed initialization of buffer pool
2024-02-27 15:57:47 0 [Note] InnoDB: 128 out of 128 rollback segments are active.
2024-02-27 15:57:47 0 [Note] InnoDB: Creating shared tablespace for temporary tables
2024-02-27 15:57:47 0 [Note] InnoDB: Setting file 'C:\xampp\mysql\data\ibtmp1' size to 12 MB. Physically writing the file full; Please wait ...
2024-02-27 15:57:47 0 [Note] InnoDB: File 'C:\xampp\mysql\data\ibtmp1' size is now 12 MB.
2024-02-27 15:57:47 0 [Note] InnoDB: Waiting for purge to start
2024-02-27 15:57:47 0 [Note] InnoDB: 10.4.32 started; log sequence number 300360; transaction id 170
2024-02-27 15:57:47 0 [Note] InnoDB: Loading buffer pool(s) from C:\xampp\mysql\data\ib_buffer_pool
2024-02-27 15:57:47 0 [Note] Plugin 'FEEDBACK' is disabled.
2024-02-27 15:57:47 0 [Note] Server socket created on IP: '::'.
2024-02-27 15:57:47 0 [Note] InnoDB: Buffer pool(s) load completed at 240227 15:57:47
2024-02-27 15:57:47 0 [ERROR] Can't start server: Bind on TCP/IP port. Got error: 10048: Only one usage of each socket address (protocol/network address/port) is normally permitted.

2024-02-27 15:57:47 0 [ERROR] Do you already have another mysqld server running on port: 3306 ?
2024-02-27 15:57:47 0 [ERROR] Aborting
2024-02-27 15:59:15 0 [Note] Starting MariaDB 10.4.32-MariaDB source revision c4143f909528e3fab0677a28631d10389354c491 as process 9088
2024-02-27 15:59:15 0 [Note] InnoDB: Mutexes and rw_locks use Windows interlocked functions
2024-02-27 15:59:15 0 [Note] InnoDB: Uses event mutexes
2024-02-27 15:59:15 0 [Note] InnoDB: Compressed tables use zlib 1.3
2024-02-27 15:59:15 0 [Note] InnoDB: Number of pools: 1
2024-02-27 15:59:15 0 [Note] InnoDB: Using SSE2 crc32 instructions
2024-02-27 15:59:15 0 [Note] InnoDB: Initializing buffer pool, total size = 16M, instances = 1, chunk size = 16M
2024-02-27 15:59:15 0 [Note] InnoDB: Completed initialization of buffer pool
2024-02-27 15:59:15 0 [Note] InnoDB: 128 out of 128 rollback segments are active.
2024-02-27 15:59:15 0 [Note] InnoDB: Creating shared tablespace for temporary tables
2024-02-27 15:59:15 0 [Note] InnoDB: Setting file 'C:\xampp\mysql\data\ibtmp1' size to 12 MB. Physically writing the file full; Please wait ...
2024-02-27 15:59:15 0 [Note] InnoDB: File 'C:\xampp\mysql\data\ibtmp1' size is now 12 MB.
2024-02-27 15:59:15 0 [Note] InnoDB: Waiting for purge to start
2024-02-27 15:59:15 0 [Note] InnoDB: 10.4.32 started; log sequence number 300369; transaction id 170
2024-02-27 15:59:15 0 [Note] InnoDB: Loading buffer pool(s) from C:\xampp\mysql\data\ib_buffer_pool
2024-02-27 15:59:15 0 [Note] Plugin 'FEEDBACK' is disabled.
2024-02-27 15:59:15 0 [Note] Server socket created on IP: '::'.
2024-02-27 15:59:15 0 [Note] InnoDB: Buffer pool(s) load completed at 240227 15:59:15
2024-02-27 15:59:15 0 [ERROR] Can't start server: Bind on TCP/IP port. Got error: 10048: Only one usage of each socket address (protocol/network address/port) is normally permitted.

2024-02-27 15:59:15 0 [ERROR] Do you already have another mysqld server running on port: 3306 ?
2024-02-27 15:59:15 0 [ERROR] Aborting
2024-02-27 15:59:19 0 [Note] Starting MariaDB 10.4.32-MariaDB source revision c4143f909528e3fab0677a28631d10389354c491 as process 8528
2024-02-27 15:59:19 0 [Note] InnoDB: Mutexes and rw_locks use Windows interlocked functions
2024-02-27 15:59:19 0 [Note] InnoDB: Uses event mutexes
2024-02-27 15:59:19 0 [Note] InnoDB: Compressed tables use zlib 1.3
2024-02-27 15:59:19 0 [Note] InnoDB: Number of pools: 1
2024-02-27 15:59:19 0 [Note] InnoDB: Using SSE2 crc32 instructions
2024-02-27 15:59:19 0 [Note] InnoDB: Initializing buffer pool, total size = 16M, instances = 1, chunk size = 16M
2024-02-27 15:59:19 0 [Note] InnoDB: Completed initialization of buffer pool
2024-02-27 15:59:19 0 [Note] InnoDB: 128 out of 128 rollback segments are active.
2024-02-27 15:59:19 0 [Note] InnoDB: Creating shared tablespace for temporary tables
2024-02-27 15:59:19 0 [Note] InnoDB: Setting file 'C:\xampp\mysql\data\ibtmp1' size to 12 MB. Physically writing the file full; Please wait ...
2024-02-27 15:59:19 0 [Note] InnoDB: File 'C:\xampp\mysql\data\ibtmp1' size is now 12 MB.
2024-02-27 15:59:19 0 [Note] InnoDB: Waiting for purge to start
2024-02-27 15:59:19 0 [Note] InnoDB: 10.4.32 started; log sequence number 300378; transaction id 170
2024-02-27 15:59:19 0 [Note] InnoDB: Loading buffer pool(s) from C:\xampp\mysql\data\ib_buffer_pool
2024-02-27 15:59:19 0 [Note] Plugin 'FEEDBACK' is disabled.
2024-02-27 15:59:19 0 [Note] Server socket created on IP: '::'.
2024-02-27 15:59:19 0 [Note] InnoDB: Buffer pool(s) load completed at 240227 15:59:19
2024-02-27 15:59:19 0 [ERROR] Can't start server: Bind on TCP/IP port. Got error: 10048: Only one usage of each socket address (protocol/network address/port) is normally permitted.

2024-02-27 15:59:19 0 [ERROR] Do you already have another mysqld server running on port: 3306 ?
2024-02-27 15:59:19 0 [ERROR] Aborting
